# JRE version: Java(TM) SE Runtime Environment (8.0_181-b13) (build 1.8.0_181-b13)
# Java VM: Java HotSpot(TM) Client VM (25.181-b13 mixed mode linux-arm )
Heap:
 def new generation   total 5120K, used 0K [0x65600000, 0x65b80000, 0x6a340000)
  eden space 4608K,   0% used [0x65600000, 0x65600000, 0x65a80000)
  from space 512K,   0% used [0x65a80000, 0x65a80000, 0x65b00000)
  to   space 512K,   0% used [0x65b00000, 0x65b00000, 0x65b80000)
 tenured generation   total 11008K, used 3820K [0x6a340000, 0x6ae00000, 0x73e00000)
   the space 11008K,  34% used [0x6a340000, 0x6a6fb3c0, 0x6a6fb400, 0x6ae00000)
 Metaspace       used 6573K, capacity 6752K, committed 6808K, reserved 7472K
GC Heap History (6 events):
Event: 3.329 GC heap before
{Heap before GC invocations=0 (full 0):
 def new generation   total 4864K, used 4352K [0x65600000, 0x65b40000, 0x6a340000)
  eden space 4352K, 100% used [0x65600000, 0x65a40000, 0x65a40000)
  from space 512K,   0% used [0x65a40000, 0x65a40000, 0x65ac0000)
  to   space 512K,   0% used [0x65ac0000, 0x65ac0000, 0x65b40000)
 tenured generation   total 11008K, used 0K [0x6a340000, 0x6ae00000, 0x73e00000)
   the space 11008K,   0% used [0x6a340000, 0x6a340000, 0x6a340200, 0x6ae00000)
 Metaspace       used 2992K, capacity 3010K, committed 3096K, reserved 4400K
Event: 3.340 GC heap after
Heap after GC invocations=1 (full 0):
 def new generation   total 4864K, used 512K [0x65600000, 0x65b40000, 0x6a340000)
  eden space 4352K,   0% used [0x65600000, 0x65600000, 0x65a40000)
  from space 512K, 100% used [0x65ac0000, 0x65b40000, 0x65b40000)
  to   space 512K,   0% used [0x65a40000, 0x65a40000, 0x65ac0000)
 tenured generation   total 11008K, used 445K [0x6a340000, 0x6ae00000, 0x73e00000)
   the space 11008K,   4% used [0x6a340000, 0x6a3af4d0, 0x6a3af600, 0x6ae00000)
 Metaspace       used 2992K, capacity 3010K, committed 3096K, reserved 4400K
}
Event: 5.234 GC heap before
{Heap before GC invocations=1 (full 0):
 def new generation   total 4864K, used 4864K [0x65600000, 0x65b40000, 0x6a340000)
  eden space 4352K, 100% used [0x65600000, 0x65a40000, 0x65a40000)
  from space 512K, 100% used [0x65ac0000, 0x65b40000, 0x65b40000)
  to   space 512K,   0% used [0x65a40000, 0x65a40000, 0x65ac0000)
 tenured generation   total 11008K, used 445K [0x6a340000, 0x6ae00000, 0x73e00000)
   the space 11008K,   4% used [0x6a340000, 0x6a3af4d0, 0x6a3af600, 0x6ae00000)
 Metaspace       used 6393K, capacity 6557K, committed 6680K, reserved 7472K
Event: 5.258 GC heap after
Heap after GC invocations=2 (full 0):
 def new generation   total 4864K, used 512K [0x65600000, 0x65b40000, 0x6a340000)
  eden space 4352K,   0% used [0x65600000, 0x65600000, 0x65a40000)
  from space 512K, 100% used [0x65a40000, 0x65ac0000, 0x65ac0000)
  to   space 512K,   0% used [0x65ac0000, 0x65ac0000, 0x65b40000)
 tenured generation   total 11008K, used 1703K [0x6a340000, 0x6ae00000, 0x73e00000)
   the space 11008K,  15% used [0x6a340000, 0x6a4e9e50, 0x6a4ea000, 0x6ae00000)
 Metaspace       used 6393K, capacity 6557K, committed 6680K, reserved 7472K
}
Event: 5.479 GC heap before
{Heap before GC invocations=2 (full 0):
 def new generation   total 4864K, used 3951K [0x65600000, 0x65b40000, 0x6a340000)
  eden space 4352K,  79% used [0x65600000, 0x6595bf28, 0x65a40000)
  from space 512K, 100% used [0x65a40000, 0x65ac0000, 0x65ac0000)
  to   space 512K,   0% used [0x65ac0000, 0x65ac0000, 0x65b40000)
 tenured generation   total 11008K, used 1703K [0x6a340000, 0x6ae00000, 0x73e00000)
   the space 11008K,  15% used [0x6a340000, 0x6a4e9e50, 0x6a4ea000, 0x6ae00000)
 Metaspace       used 6573K, capacity 6752K, committed 6808K, reserved 7472K
Event: 5.572 GC heap after
Heap after GC invocations=3 (full 1):
 def new generation   total 5120K, used 0K [0x65600000, 0x65b80000, 0x6a340000)
  eden space 4608K,   0% used [0x65600000, 0x65600000, 0x65a80000)
  from space 512K,   0% used [0x65a80000, 0x65a80000, 0x65b00000)
  to   space 512K,   0% used [0x65b00000, 0x65b00000, 0x65b80000)
 tenured generation   total 11008K, used 3820K [0x6a340000, 0x6ae00000, 0x73e00000)
   the space 11008K,  34% used [0x6a340000, 0x6a6fb3c0, 0x6a6fb400, 0x6ae00000)
 Metaspace       used 6573K, capacity 6752K, committed 6808K, reserved 7472K
}

